<?xml version="1.0" encoding="UTF-8"?>
<testsuite xmlns:xsi="http://www.w3.org/2001/XMLSchema-instance" xsi:noNamespaceSchemaLocation="https://maven.apache.org/surefire/maven-surefire-plugin/xsd/surefire-test-report-3.0.xsd" version="3.0" name="com.evnts.EVntsApplicationTests" time="3.623" tests="1" errors="0" skipped="0" failures="0">
  <properties>
    <property name="java.specification.version" value="17"/>
    <property name="sun.cpu.isalist" value="amd64"/>
    <property name="sun.jnu.encoding" value="Cp1252"/>
    <property name="java.class.path" value="C:\Users\welli\IdeaProjects\e-vnts\target\test-classes;C:\Users\welli\IdeaProjects\e-vnts\target\classes;D:\m2\repository\org\springframework\boot\spring-boot-starter-actuator\3.1.0\spring-boot-starter-actuator-3.1.0.jar;D:\m2\repository\org\springframework\boot\spring-boot-starter\3.1.0\spring-boot-starter-3.1.0.jar;D:\m2\repository\org\springframework\boot\spring-boot-starter-logging\3.1.0\spring-boot-starter-logging-3.1.0.jar;D:\m2\repository\ch\qos\logback\logback-classic\1.4.7\logback-classic-1.4.7.jar;D:\m2\repository\ch\qos\logback\logback-core\1.4.7\logback-core-1.4.7.jar;D:\m2\repository\org\apache\logging\log4j\log4j-to-slf4j\2.20.0\log4j-to-slf4j-2.20.0.jar;D:\m2\repository\org\apache\logging\log4j\log4j-api\2.20.0\log4j-api-2.20.0.jar;D:\m2\repository\org\slf4j\jul-to-slf4j\2.0.7\jul-to-slf4j-2.0.7.jar;D:\m2\repository\jakarta\annotation\jakarta.annotation-api\2.1.1\jakarta.annotation-api-2.1.1.jar;D:\m2\repository\org\yaml\snakeyaml\1.33\snakeyaml-1.33.jar;D:\m2\repository\org\springframework\boot\spring-boot-actuator-autoconfigure\3.1.0\spring-boot-actuator-autoconfigure-3.1.0.jar;D:\m2\repository\org\springframework\boot\spring-boot-actuator\3.1.0\spring-boot-actuator-3.1.0.jar;D:\m2\repository\com\fasterxml\jackson\datatype\jackson-datatype-jsr310\2.15.0\jackson-datatype-jsr310-2.15.0.jar;D:\m2\repository\io\micrometer\micrometer-observation\1.11.0\micrometer-observation-1.11.0.jar;D:\m2\repository\io\micrometer\micrometer-commons\1.11.0\micrometer-commons-1.11.0.jar;D:\m2\repository\io\micrometer\micrometer-core\1.11.0\micrometer-core-1.11.0.jar;D:\m2\repository\org\hdrhistogram\HdrHistogram\2.1.12\HdrHistogram-2.1.12.jar;D:\m2\repository\org\latencyutils\LatencyUtils\2.0.3\LatencyUtils-2.0.3.jar;D:\m2\repository\org\springframework\boot\spring-boot-starter-data-rest\3.1.0\spring-boot-starter-data-rest-3.1.0.jar;D:\m2\repository\org\springframework\data\spring-data-rest-webmvc\4.1.0\spring-data-rest-webmvc-4.1.0.jar;D:\m2\repository\org\springframework\data\spring-data-rest-core\4.1.0\spring-data-rest-core-4.1.0.jar;D:\m2\repository\org\springframework\spring-tx\6.0.9\spring-tx-6.0.9.jar;D:\m2\repository\org\springframework\hateoas\spring-hateoas\2.1.0\spring-hateoas-2.1.0.jar;D:\m2\repository\org\springframework\data\spring-data-commons\3.1.0\spring-data-commons-3.1.0.jar;D:\m2\repository\org\springframework\plugin\spring-plugin-core\3.0.0\spring-plugin-core-3.0.0.jar;D:\m2\repository\org\atteo\evo-inflector\1.3\evo-inflector-1.3.jar;D:\m2\repository\com\fasterxml\jackson\core\jackson-annotations\2.15.0\jackson-annotations-2.15.0.jar;D:\m2\repository\org\slf4j\slf4j-api\2.0.7\slf4j-api-2.0.7.jar;D:\m2\repository\org\springframework\boot\spring-boot-starter-jersey\3.1.0\spring-boot-starter-jersey-3.1.0.jar;D:\m2\repository\org\springframework\boot\spring-boot-starter-json\3.1.0\spring-boot-starter-json-3.1.0.jar;D:\m2\repository\com\fasterxml\jackson\datatype\jackson-datatype-jdk8\2.15.0\jackson-datatype-jdk8-2.15.0.jar;D:\m2\repository\org\springframework\boot\spring-boot-starter-tomcat\3.1.0\spring-boot-starter-tomcat-3.1.0.jar;D:\m2\repository\org\apache\tomcat\embed\tomcat-embed-core\10.1.8\tomcat-embed-core-10.1.8.jar;D:\m2\repository\org\apache\tomcat\embed\tomcat-embed-el\10.1.8\tomcat-embed-el-10.1.8.jar;D:\m2\repository\org\apache\tomcat\embed\tomcat-embed-websocket\10.1.8\tomcat-embed-websocket-10.1.8.jar;D:\m2\repository\org\springframework\boot\spring-boot-starter-validation\3.1.0\spring-boot-starter-validation-3.1.0.jar;D:\m2\repository\org\hibernate\validator\hibernate-validator\8.0.0.Final\hibernate-validator-8.0.0.Final.jar;D:\m2\repository\com\fasterxml\classmate\1.5.1\classmate-1.5.1.jar;D:\m2\repository\org\springframework\spring-web\6.0.9\spring-web-6.0.9.jar;D:\m2\repository\org\springframework\spring-beans\6.0.9\spring-beans-6.0.9.jar;D:\m2\repository\org\glassfish\jersey\containers\jersey-container-servlet-core\3.1.1\jersey-container-servlet-core-3.1.1.jar;D:\m2\repository\jakarta\inject\jakarta.inject-api\2.0.1\jakarta.inject-api-2.0.1.jar;D:\m2\repository\org\glassfish\jersey\core\jersey-common\3.1.1\jersey-common-3.1.1.jar;D:\m2\repository\org\glassfish\hk2\osgi-resource-locator\1.0.3\osgi-resource-locator-1.0.3.jar;D:\m2\repository\jakarta\ws\rs\jakarta.ws.rs-api\3.1.0\jakarta.ws.rs-api-3.1.0.jar;D:\m2\repository\org\glassfish\jersey\containers\jersey-container-servlet\3.1.1\jersey-container-servlet-3.1.1.jar;D:\m2\repository\org\glassfish\jersey\core\jersey-server\3.1.1\jersey-server-3.1.1.jar;D:\m2\repository\org\glassfish\jersey\core\jersey-client\3.1.1\jersey-client-3.1.1.jar;D:\m2\repository\jakarta\validation\jakarta.validation-api\3.0.2\jakarta.validation-api-3.0.2.jar;D:\m2\repository\org\glassfish\jersey\ext\jersey-bean-validation\3.1.1\jersey-bean-validation-3.1.1.jar;D:\m2\repository\org\jboss\logging\jboss-logging\3.5.0.Final\jboss-logging-3.5.0.Final.jar;D:\m2\repository\org\glassfish\jersey\ext\jersey-spring6\3.1.1\jersey-spring6-3.1.1.jar;D:\m2\repository\org\glassfish\jersey\inject\jersey-hk2\3.1.1\jersey-hk2-3.1.1.jar;D:\m2\repository\org\glassfish\hk2\hk2-locator\3.0.3\hk2-locator-3.0.3.jar;D:\m2\repository\org\glassfish\hk2\external\aopalliance-repackaged\3.0.3\aopalliance-repackaged-3.0.3.jar;D:\m2\repository\org\javassist\javassist\3.29.0-GA\javassist-3.29.0-GA.jar;D:\m2\repository\org\glassfish\hk2\hk2\3.0.3\hk2-3.0.3.jar;D:\m2\repository\org\glassfish\hk2\hk2-utils\3.0.3\hk2-utils-3.0.3.jar;D:\m2\repository\org\glassfish\hk2\hk2-api\3.0.3\hk2-api-3.0.3.jar;D:\m2\repository\org\glassfish\hk2\hk2-core\3.0.3\hk2-core-3.0.3.jar;D:\m2\repository\org\glassfish\hk2\hk2-runlevel\3.0.3\hk2-runlevel-3.0.3.jar;D:\m2\repository\org\glassfish\hk2\class-model\3.0.3\class-model-3.0.3.jar;D:\m2\repository\org\ow2\asm\asm-analysis\9.2\asm-analysis-9.2.jar;D:\m2\repository\org\ow2\asm\asm-commons\9.2\asm-commons-9.2.jar;D:\m2\repository\org\ow2\asm\asm-tree\9.2\asm-tree-9.2.jar;D:\m2\repository\org\ow2\asm\asm-util\9.2\asm-util-9.2.jar;D:\m2\repository\org\glassfish\hk2\spring-bridge\3.0.3\spring-bridge-3.0.3.jar;D:\m2\repository\org\glassfish\jersey\media\jersey-media-json-jackson\3.1.1\jersey-media-json-jackson-3.1.1.jar;D:\m2\repository\org\glassfish\jersey\ext\jersey-entity-filtering\3.1.1\jersey-entity-filtering-3.1.1.jar;D:\m2\repository\com\fasterxml\jackson\module\jackson-module-jakarta-xmlbind-annotations\2.15.0\jackson-module-jakarta-xmlbind-annotations-2.15.0.jar;D:\m2\repository\org\springframework\boot\spring-boot-starter-oauth2-client\3.1.0\spring-boot-starter-oauth2-client-3.1.0.jar;D:\m2\repository\org\springframework\security\spring-security-config\6.1.0\spring-security-config-6.1.0.jar;D:\m2\repository\org\springframework\spring-context\6.0.9\spring-context-6.0.9.jar;D:\m2\repository\org\springframework\security\spring-security-core\6.1.0\spring-security-core-6.1.0.jar;D:\m2\repository\org\springframework\security\spring-security-crypto\6.1.0\spring-security-crypto-6.1.0.jar;D:\m2\repository\org\springframework\spring-expression\6.0.9\spring-expression-6.0.9.jar;D:\m2\repository\org\springframework\security\spring-security-oauth2-client\6.1.0\spring-security-oauth2-client-6.1.0.jar;D:\m2\repository\org\springframework\security\spring-security-oauth2-core\6.1.0\spring-security-oauth2-core-6.1.0.jar;D:\m2\repository\com\nimbusds\oauth2-oidc-sdk\9.43.2\oauth2-oidc-sdk-9.43.2.jar;D:\m2\repository\com\github\stephenc\jcip\jcip-annotations\1.0-1\jcip-annotations-1.0-1.jar;D:\m2\repository\com\nimbusds\content-type\2.2\content-type-2.2.jar;D:\m2\repository\com\nimbusds\lang-tag\1.7\lang-tag-1.7.jar;D:\m2\repository\org\springframework\security\spring-security-oauth2-jose\6.1.0\spring-security-oauth2-jose-6.1.0.jar;D:\m2\repository\com\nimbusds\nimbus-jose-jwt\9.31\nimbus-jose-jwt-9.31.jar;D:\m2\repository\org\springframework\boot\spring-boot-starter-security\3.1.0\spring-boot-starter-security-3.1.0.jar;D:\m2\repository\org\springframework\spring-aop\6.0.9\spring-aop-6.0.9.jar;D:\m2\repository\org\springframework\security\spring-security-web\6.1.0\spring-security-web-6.1.0.jar;D:\m2\repository\org\springframework\boot\spring-boot-starter-web\3.1.0\spring-boot-starter-web-3.1.0.jar;D:\m2\repository\org\springframework\spring-webmvc\6.0.9\spring-webmvc-6.0.9.jar;D:\m2\repository\org\springframework\session\spring-session-core\3.1.0\spring-session-core-3.1.0.jar;D:\m2\repository\org\springframework\spring-jcl\6.0.9\spring-jcl-6.0.9.jar;D:\m2\repository\org\springframework\boot\spring-boot-devtools\3.1.0\spring-boot-devtools-3.1.0.jar;D:\m2\repository\org\springframework\boot\spring-boot\3.1.0\spring-boot-3.1.0.jar;D:\m2\repository\org\springframework\boot\spring-boot-autoconfigure\3.1.0\spring-boot-autoconfigure-3.1.0.jar;D:\m2\repository\org\springframework\boot\spring-boot-docker-compose\3.1.0\spring-boot-docker-compose-3.1.0.jar;D:\m2\repository\com\fasterxml\jackson\core\jackson-databind\2.15.0\jackson-databind-2.15.0.jar;D:\m2\repository\com\fasterxml\jackson\core\jackson-core\2.15.0\jackson-core-2.15.0.jar;D:\m2\repository\com\fasterxml\jackson\module\jackson-module-parameter-names\2.15.0\jackson-module-parameter-names-2.15.0.jar;D:\m2\repository\org\mariadb\jdbc\mariadb-java-client\3.1.4\mariadb-java-client-3.1.4.jar;D:\m2\repository\com\github\waffle\waffle-jna\3.2.0\waffle-jna-3.2.0.jar;D:\m2\repository\net\java\dev\jna\jna\5.12.1\jna-5.12.1.jar;D:\m2\repository\net\java\dev\jna\jna-platform\5.12.1\jna-platform-5.12.1.jar;D:\m2\repository\org\slf4j\jcl-over-slf4j\2.0.7\jcl-over-slf4j-2.0.7.jar;D:\m2\repository\com\github\ben-manes\caffeine\caffeine\3.1.6\caffeine-3.1.6.jar;D:\m2\repository\com\google\errorprone\error_prone_annotations\2.18.0\error_prone_annotations-2.18.0.jar;D:\m2\repository\org\checkerframework\checker-qual\3.23.0\checker-qual-3.23.0.jar;D:\m2\repository\org\springframework\boot\spring-boot-configuration-processor\3.1.0\spring-boot-configuration-processor-3.1.0.jar;D:\m2\repository\org\projectlombok\lombok\1.18.26\lombok-1.18.26.jar;D:\m2\repository\org\springframework\boot\spring-boot-starter-test\3.1.0\spring-boot-starter-test-3.1.0.jar;D:\m2\repository\org\springframework\boot\spring-boot-test\3.1.0\spring-boot-test-3.1.0.jar;D:\m2\repository\org\springframework\boot\spring-boot-test-autoconfigure\3.1.0\spring-boot-test-autoconfigure-3.1.0.jar;D:\m2\repository\com\jayway\jsonpath\json-path\2.8.0\json-path-2.8.0.jar;D:\m2\repository\jakarta\xml\bind\jakarta.xml.bind-api\4.0.0\jakarta.xml.bind-api-4.0.0.jar;D:\m2\repository\jakarta\activation\jakarta.activation-api\2.1.2\jakarta.activation-api-2.1.2.jar;D:\m2\repository\net\minidev\json-smart\2.4.10\json-smart-2.4.10.jar;D:\m2\repository\net\minidev\accessors-smart\2.4.9\accessors-smart-2.4.9.jar;D:\m2\repository\org\ow2\asm\asm\9.3\asm-9.3.jar;D:\m2\repository\org\assertj\assertj-core\3.24.2\assertj-core-3.24.2.jar;D:\m2\repository\net\bytebuddy\byte-buddy\1.14.4\byte-buddy-1.14.4.jar;D:\m2\repository\org\hamcrest\hamcrest\2.2\hamcrest-2.2.jar;D:\m2\repository\org\junit\jupiter\junit-jupiter\5.9.3\junit-jupiter-5.9.3.jar;D:\m2\repository\org\junit\jupiter\junit-jupiter-api\5.9.3\junit-jupiter-api-5.9.3.jar;D:\m2\repository\org\opentest4j\opentest4j\1.2.0\opentest4j-1.2.0.jar;D:\m2\repository\org\junit\platform\junit-platform-commons\1.9.3\junit-platform-commons-1.9.3.jar;D:\m2\repository\org\apiguardian\apiguardian-api\1.1.2\apiguardian-api-1.1.2.jar;D:\m2\repository\org\junit\jupiter\junit-jupiter-params\5.9.3\junit-jupiter-params-5.9.3.jar;D:\m2\repository\org\junit\jupiter\junit-jupiter-engine\5.9.3\junit-jupiter-engine-5.9.3.jar;D:\m2\repository\org\junit\platform\junit-platform-engine\1.9.3\junit-platform-engine-1.9.3.jar;D:\m2\repository\org\mockito\mockito-core\5.3.1\mockito-core-5.3.1.jar;D:\m2\repository\net\bytebuddy\byte-buddy-agent\1.14.4\byte-buddy-agent-1.14.4.jar;D:\m2\repository\org\objenesis\objenesis\3.3\objenesis-3.3.jar;D:\m2\repository\org\mockito\mockito-junit-jupiter\5.3.1\mockito-junit-jupiter-5.3.1.jar;D:\m2\repository\org\skyscreamer\jsonassert\1.5.1\jsonassert-1.5.1.jar;D:\m2\repository\com\vaadin\external\google\android-json\0.0.20131108.vaadin1\android-json-0.0.20131108.vaadin1.jar;D:\m2\repository\org\springframework\spring-core\6.0.9\spring-core-6.0.9.jar;D:\m2\repository\org\springframework\spring-test\6.0.9\spring-test-6.0.9.jar;D:\m2\repository\org\xmlunit\xmlunit-core\2.9.1\xmlunit-core-2.9.1.jar;D:\m2\repository\org\springframework\security\spring-security-test\6.1.0\spring-security-test-6.1.0.jar;"/>
    <property name="java.vm.vendor" value="Amazon.com Inc."/>
    <property name="sun.arch.data.model" value="64"/>
    <property name="user.variant" value=""/>
    <property name="java.vendor.url" value="https://aws.amazon.com/corretto/"/>
    <property name="user.timezone" value="America/Sao_Paulo"/>
    <property name="org.jboss.logging.provider" value="slf4j"/>
    <property name="os.name" value="Windows 11"/>
    <property name="java.vm.specification.version" value="17"/>
    <property name="sun.java.launcher" value="SUN_STANDARD"/>
    <property name="user.country" value="BR"/>
    <property name="sun.boot.library.path" value="C:\Users\welli\.jdks\corretto-17.0.7\bin"/>
    <property name="sun.java.command" value="C:\Users\welli\AppData\Local\Temp\surefire10047309028864748663\surefirebooter-20230604200527832_3.jar C:\Users\welli\AppData\Local\Temp\surefire10047309028864748663 2023-06-04T20-05-27_713-jvmRun1 surefire-20230604200527832_1tmp surefire_0-20230604200527832_2tmp"/>
    <property name="jdk.debug" value="release"/>
    <property name="surefire.test.class.path" value="C:\Users\welli\IdeaProjects\e-vnts\target\test-classes;C:\Users\welli\IdeaProjects\e-vnts\target\classes;D:\m2\repository\org\springframework\boot\spring-boot-starter-actuator\3.1.0\spring-boot-starter-actuator-3.1.0.jar;D:\m2\repository\org\springframework\boot\spring-boot-starter\3.1.0\spring-boot-starter-3.1.0.jar;D:\m2\repository\org\springframework\boot\spring-boot-starter-logging\3.1.0\spring-boot-starter-logging-3.1.0.jar;D:\m2\repository\ch\qos\logback\logback-classic\1.4.7\logback-classic-1.4.7.jar;D:\m2\repository\ch\qos\logback\logback-core\1.4.7\logback-core-1.4.7.jar;D:\m2\repository\org\apache\logging\log4j\log4j-to-slf4j\2.20.0\log4j-to-slf4j-2.20.0.jar;D:\m2\repository\org\apache\logging\log4j\log4j-api\2.20.0\log4j-api-2.20.0.jar;D:\m2\repository\org\slf4j\jul-to-slf4j\2.0.7\jul-to-slf4j-2.0.7.jar;D:\m2\repository\jakarta\annotation\jakarta.annotation-api\2.1.1\jakarta.annotation-api-2.1.1.jar;D:\m2\repository\org\yaml\snakeyaml\1.33\snakeyaml-1.33.jar;D:\m2\repository\org\springframework\boot\spring-boot-actuator-autoconfigure\3.1.0\spring-boot-actuator-autoconfigure-3.1.0.jar;D:\m2\repository\org\springframework\boot\spring-boot-actuator\3.1.0\spring-boot-actuator-3.1.0.jar;D:\m2\repository\com\fasterxml\jackson\datatype\jackson-datatype-jsr310\2.15.0\jackson-datatype-jsr310-2.15.0.jar;D:\m2\repository\io\micrometer\micrometer-observation\1.11.0\micrometer-observation-1.11.0.jar;D:\m2\repository\io\micrometer\micrometer-commons\1.11.0\micrometer-commons-1.11.0.jar;D:\m2\repository\io\micrometer\micrometer-core\1.11.0\micrometer-core-1.11.0.jar;D:\m2\repository\org\hdrhistogram\HdrHistogram\2.1.12\HdrHistogram-2.1.12.jar;D:\m2\repository\org\latencyutils\LatencyUtils\2.0.3\LatencyUtils-2.0.3.jar;D:\m2\repository\org\springframework\boot\spring-boot-starter-data-rest\3.1.0\spring-boot-starter-data-rest-3.1.0.jar;D:\m2\repository\org\springframework\data\spring-data-rest-webmvc\4.1.0\spring-data-rest-webmvc-4.1.0.jar;D:\m2\repository\org\springframework\data\spring-data-rest-core\4.1.0\spring-data-rest-core-4.1.0.jar;D:\m2\repository\org\springframework\spring-tx\6.0.9\spring-tx-6.0.9.jar;D:\m2\repository\org\springframework\hateoas\spring-hateoas\2.1.0\spring-hateoas-2.1.0.jar;D:\m2\repository\org\springframework\data\spring-data-commons\3.1.0\spring-data-commons-3.1.0.jar;D:\m2\repository\org\springframework\plugin\spring-plugin-core\3.0.0\spring-plugin-core-3.0.0.jar;D:\m2\repository\org\atteo\evo-inflector\1.3\evo-inflector-1.3.jar;D:\m2\repository\com\fasterxml\jackson\core\jackson-annotations\2.15.0\jackson-annotations-2.15.0.jar;D:\m2\repository\org\slf4j\slf4j-api\2.0.7\slf4j-api-2.0.7.jar;D:\m2\repository\org\springframework\boot\spring-boot-starter-jersey\3.1.0\spring-boot-starter-jersey-3.1.0.jar;D:\m2\repository\org\springframework\boot\spring-boot-starter-json\3.1.0\spring-boot-starter-json-3.1.0.jar;D:\m2\repository\com\fasterxml\jackson\datatype\jackson-datatype-jdk8\2.15.0\jackson-datatype-jdk8-2.15.0.jar;D:\m2\repository\org\springframework\boot\spring-boot-starter-tomcat\3.1.0\spring-boot-starter-tomcat-3.1.0.jar;D:\m2\repository\org\apache\tomcat\embed\tomcat-embed-core\10.1.8\tomcat-embed-core-10.1.8.jar;D:\m2\repository\org\apache\tomcat\embed\tomcat-embed-el\10.1.8\tomcat-embed-el-10.1.8.jar;D:\m2\repository\org\apache\tomcat\embed\tomcat-embed-websocket\10.1.8\tomcat-embed-websocket-10.1.8.jar;D:\m2\repository\org\springframework\boot\spring-boot-starter-validation\3.1.0\spring-boot-starter-validation-3.1.0.jar;D:\m2\repository\org\hibernate\validator\hibernate-validator\8.0.0.Final\hibernate-validator-8.0.0.Final.jar;D:\m2\repository\com\fasterxml\classmate\1.5.1\classmate-1.5.1.jar;D:\m2\repository\org\springframework\spring-web\6.0.9\spring-web-6.0.9.jar;D:\m2\repository\org\springframework\spring-beans\6.0.9\spring-beans-6.0.9.jar;D:\m2\repository\org\glassfish\jersey\containers\jersey-container-servlet-core\3.1.1\jersey-container-servlet-core-3.1.1.jar;D:\m2\repository\jakarta\inject\jakarta.inject-api\2.0.1\jakarta.inject-api-2.0.1.jar;D:\m2\repository\org\glassfish\jersey\core\jersey-common\3.1.1\jersey-common-3.1.1.jar;D:\m2\repository\org\glassfish\hk2\osgi-resource-locator\1.0.3\osgi-resource-locator-1.0.3.jar;D:\m2\repository\jakarta\ws\rs\jakarta.ws.rs-api\3.1.0\jakarta.ws.rs-api-3.1.0.jar;D:\m2\repository\org\glassfish\jersey\containers\jersey-container-servlet\3.1.1\jersey-container-servlet-3.1.1.jar;D:\m2\repository\org\glassfish\jersey\core\jersey-server\3.1.1\jersey-server-3.1.1.jar;D:\m2\repository\org\glassfish\jersey\core\jersey-client\3.1.1\jersey-client-3.1.1.jar;D:\m2\repository\jakarta\validation\jakarta.validation-api\3.0.2\jakarta.validation-api-3.0.2.jar;D:\m2\repository\org\glassfish\jersey\ext\jersey-bean-validation\3.1.1\jersey-bean-validation-3.1.1.jar;D:\m2\repository\org\jboss\logging\jboss-logging\3.5.0.Final\jboss-logging-3.5.0.Final.jar;D:\m2\repository\org\glassfish\jersey\ext\jersey-spring6\3.1.1\jersey-spring6-3.1.1.jar;D:\m2\repository\org\glassfish\jersey\inject\jersey-hk2\3.1.1\jersey-hk2-3.1.1.jar;D:\m2\repository\org\glassfish\hk2\hk2-locator\3.0.3\hk2-locator-3.0.3.jar;D:\m2\repository\org\glassfish\hk2\external\aopalliance-repackaged\3.0.3\aopalliance-repackaged-3.0.3.jar;D:\m2\repository\org\javassist\javassist\3.29.0-GA\javassist-3.29.0-GA.jar;D:\m2\repository\org\glassfish\hk2\hk2\3.0.3\hk2-3.0.3.jar;D:\m2\repository\org\glassfish\hk2\hk2-utils\3.0.3\hk2-utils-3.0.3.jar;D:\m2\repository\org\glassfish\hk2\hk2-api\3.0.3\hk2-api-3.0.3.jar;D:\m2\repository\org\glassfish\hk2\hk2-core\3.0.3\hk2-core-3.0.3.jar;D:\m2\repository\org\glassfish\hk2\hk2-runlevel\3.0.3\hk2-runlevel-3.0.3.jar;D:\m2\repository\org\glassfish\hk2\class-model\3.0.3\class-model-3.0.3.jar;D:\m2\repository\org\ow2\asm\asm-analysis\9.2\asm-analysis-9.2.jar;D:\m2\repository\org\ow2\asm\asm-commons\9.2\asm-commons-9.2.jar;D:\m2\repository\org\ow2\asm\asm-tree\9.2\asm-tree-9.2.jar;D:\m2\repository\org\ow2\asm\asm-util\9.2\asm-util-9.2.jar;D:\m2\repository\org\glassfish\hk2\spring-bridge\3.0.3\spring-bridge-3.0.3.jar;D:\m2\repository\org\glassfish\jersey\media\jersey-media-json-jackson\3.1.1\jersey-media-json-jackson-3.1.1.jar;D:\m2\repository\org\glassfish\jersey\ext\jersey-entity-filtering\3.1.1\jersey-entity-filtering-3.1.1.jar;D:\m2\repository\com\fasterxml\jackson\module\jackson-module-jakarta-xmlbind-annotations\2.15.0\jackson-module-jakarta-xmlbind-annotations-2.15.0.jar;D:\m2\repository\org\springframework\boot\spring-boot-starter-oauth2-client\3.1.0\spring-boot-starter-oauth2-client-3.1.0.jar;D:\m2\repository\org\springframework\security\spring-security-config\6.1.0\spring-security-config-6.1.0.jar;D:\m2\repository\org\springframework\spring-context\6.0.9\spring-context-6.0.9.jar;D:\m2\repository\org\springframework\security\spring-security-core\6.1.0\spring-security-core-6.1.0.jar;D:\m2\repository\org\springframework\security\spring-security-crypto\6.1.0\spring-security-crypto-6.1.0.jar;D:\m2\repository\org\springframework\spring-expression\6.0.9\spring-expression-6.0.9.jar;D:\m2\repository\org\springframework\security\spring-security-oauth2-client\6.1.0\spring-security-oauth2-client-6.1.0.jar;D:\m2\repository\org\springframework\security\spring-security-oauth2-core\6.1.0\spring-security-oauth2-core-6.1.0.jar;D:\m2\repository\com\nimbusds\oauth2-oidc-sdk\9.43.2\oauth2-oidc-sdk-9.43.2.jar;D:\m2\repository\com\github\stephenc\jcip\jcip-annotations\1.0-1\jcip-annotations-1.0-1.jar;D:\m2\repository\com\nimbusds\content-type\2.2\content-type-2.2.jar;D:\m2\repository\com\nimbusds\lang-tag\1.7\lang-tag-1.7.jar;D:\m2\repository\org\springframework\security\spring-security-oauth2-jose\6.1.0\spring-security-oauth2-jose-6.1.0.jar;D:\m2\repository\com\nimbusds\nimbus-jose-jwt\9.31\nimbus-jose-jwt-9.31.jar;D:\m2\repository\org\springframework\boot\spring-boot-starter-security\3.1.0\spring-boot-starter-security-3.1.0.jar;D:\m2\repository\org\springframework\spring-aop\6.0.9\spring-aop-6.0.9.jar;D:\m2\repository\org\springframework\security\spring-security-web\6.1.0\spring-security-web-6.1.0.jar;D:\m2\repository\org\springframework\boot\spring-boot-starter-web\3.1.0\spring-boot-starter-web-3.1.0.jar;D:\m2\repository\org\springframework\spring-webmvc\6.0.9\spring-webmvc-6.0.9.jar;D:\m2\repository\org\springframework\session\spring-session-core\3.1.0\spring-session-core-3.1.0.jar;D:\m2\repository\org\springframework\spring-jcl\6.0.9\spring-jcl-6.0.9.jar;D:\m2\repository\org\springframework\boot\spring-boot-devtools\3.1.0\spring-boot-devtools-3.1.0.jar;D:\m2\repository\org\springframework\boot\spring-boot\3.1.0\spring-boot-3.1.0.jar;D:\m2\repository\org\springframework\boot\spring-boot-autoconfigure\3.1.0\spring-boot-autoconfigure-3.1.0.jar;D:\m2\repository\org\springframework\boot\spring-boot-docker-compose\3.1.0\spring-boot-docker-compose-3.1.0.jar;D:\m2\repository\com\fasterxml\jackson\core\jackson-databind\2.15.0\jackson-databind-2.15.0.jar;D:\m2\repository\com\fasterxml\jackson\core\jackson-core\2.15.0\jackson-core-2.15.0.jar;D:\m2\repository\com\fasterxml\jackson\module\jackson-module-parameter-names\2.15.0\jackson-module-parameter-names-2.15.0.jar;D:\m2\repository\org\mariadb\jdbc\mariadb-java-client\3.1.4\mariadb-java-client-3.1.4.jar;D:\m2\repository\com\github\waffle\waffle-jna\3.2.0\waffle-jna-3.2.0.jar;D:\m2\repository\net\java\dev\jna\jna\5.12.1\jna-5.12.1.jar;D:\m2\repository\net\java\dev\jna\jna-platform\5.12.1\jna-platform-5.12.1.jar;D:\m2\repository\org\slf4j\jcl-over-slf4j\2.0.7\jcl-over-slf4j-2.0.7.jar;D:\m2\repository\com\github\ben-manes\caffeine\caffeine\3.1.6\caffeine-3.1.6.jar;D:\m2\repository\com\google\errorprone\error_prone_annotations\2.18.0\error_prone_annotations-2.18.0.jar;D:\m2\repository\org\checkerframework\checker-qual\3.23.0\checker-qual-3.23.0.jar;D:\m2\repository\org\springframework\boot\spring-boot-configuration-processor\3.1.0\spring-boot-configuration-processor-3.1.0.jar;D:\m2\repository\org\projectlombok\lombok\1.18.26\lombok-1.18.26.jar;D:\m2\repository\org\springframework\boot\spring-boot-starter-test\3.1.0\spring-boot-starter-test-3.1.0.jar;D:\m2\repository\org\springframework\boot\spring-boot-test\3.1.0\spring-boot-test-3.1.0.jar;D:\m2\repository\org\springframework\boot\spring-boot-test-autoconfigure\3.1.0\spring-boot-test-autoconfigure-3.1.0.jar;D:\m2\repository\com\jayway\jsonpath\json-path\2.8.0\json-path-2.8.0.jar;D:\m2\repository\jakarta\xml\bind\jakarta.xml.bind-api\4.0.0\jakarta.xml.bind-api-4.0.0.jar;D:\m2\repository\jakarta\activation\jakarta.activation-api\2.1.2\jakarta.activation-api-2.1.2.jar;D:\m2\repository\net\minidev\json-smart\2.4.10\json-smart-2.4.10.jar;D:\m2\repository\net\minidev\accessors-smart\2.4.9\accessors-smart-2.4.9.jar;D:\m2\repository\org\ow2\asm\asm\9.3\asm-9.3.jar;D:\m2\repository\org\assertj\assertj-core\3.24.2\assertj-core-3.24.2.jar;D:\m2\repository\net\bytebuddy\byte-buddy\1.14.4\byte-buddy-1.14.4.jar;D:\m2\repository\org\hamcrest\hamcrest\2.2\hamcrest-2.2.jar;D:\m2\repository\org\junit\jupiter\junit-jupiter\5.9.3\junit-jupiter-5.9.3.jar;D:\m2\repository\org\junit\jupiter\junit-jupiter-api\5.9.3\junit-jupiter-api-5.9.3.jar;D:\m2\repository\org\opentest4j\opentest4j\1.2.0\opentest4j-1.2.0.jar;D:\m2\repository\org\junit\platform\junit-platform-commons\1.9.3\junit-platform-commons-1.9.3.jar;D:\m2\repository\org\apiguardian\apiguardian-api\1.1.2\apiguardian-api-1.1.2.jar;D:\m2\repository\org\junit\jupiter\junit-jupiter-params\5.9.3\junit-jupiter-params-5.9.3.jar;D:\m2\repository\org\junit\jupiter\junit-jupiter-engine\5.9.3\junit-jupiter-engine-5.9.3.jar;D:\m2\repository\org\junit\platform\junit-platform-engine\1.9.3\junit-platform-engine-1.9.3.jar;D:\m2\repository\org\mockito\mockito-core\5.3.1\mockito-core-5.3.1.jar;D:\m2\repository\net\bytebuddy\byte-buddy-agent\1.14.4\byte-buddy-agent-1.14.4.jar;D:\m2\repository\org\objenesis\objenesis\3.3\objenesis-3.3.jar;D:\m2\repository\org\mockito\mockito-junit-jupiter\5.3.1\mockito-junit-jupiter-5.3.1.jar;D:\m2\repository\org\skyscreamer\jsonassert\1.5.1\jsonassert-1.5.1.jar;D:\m2\repository\com\vaadin\external\google\android-json\0.0.20131108.vaadin1\android-json-0.0.20131108.vaadin1.jar;D:\m2\repository\org\springframework\spring-core\6.0.9\spring-core-6.0.9.jar;D:\m2\repository\org\springframework\spring-test\6.0.9\spring-test-6.0.9.jar;D:\m2\repository\org\xmlunit\xmlunit-core\2.9.1\xmlunit-core-2.9.1.jar;D:\m2\repository\org\springframework\security\spring-security-test\6.1.0\spring-security-test-6.1.0.jar;"/>
    <property name="sun.cpu.endian" value="little"/>
    <property name="user.home" value="C:\Users\welli"/>
    <property name="user.language" value="pt"/>
    <property name="java.specification.vendor" value="Oracle Corporation"/>
    <property name="java.version.date" value="2023-04-18"/>
    <property name="java.home" value="C:\Users\welli\.jdks\corretto-17.0.7"/>
    <property name="file.separator" value="\"/>
    <property name="basedir" value="C:\Users\welli\IdeaProjects\e-vnts"/>
    <property name="java.vm.compressedOopsMode" value="Zero based"/>
    <property name="line.separator" value="&#10;"/>
    <property name="java.vm.specification.vendor" value="Oracle Corporation"/>
    <property name="java.specification.name" value="Java Platform API Specification"/>
    <property name="FILE_LOG_CHARSET" value="windows-1252"/>
    <property name="java.awt.headless" value="true"/>
    <property name="surefire.real.class.path" value="C:\Users\welli\AppData\Local\Temp\surefire10047309028864748663\surefirebooter-20230604200527832_3.jar"/>
    <property name="user.script" value=""/>
    <property name="sun.management.compiler" value="HotSpot 64-Bit Tiered Compilers"/>
    <property name="java.runtime.version" value="17.0.7+7-LTS"/>
    <property name="user.name" value="welli"/>
    <property name="path.separator" value=";"/>
    <property name="os.version" value="10.0"/>
    <property name="java.runtime.name" value="OpenJDK Runtime Environment"/>
    <property name="file.encoding" value="Cp1252"/>
    <property name="java.vm.name" value="OpenJDK 64-Bit Server VM"/>
    <property name="java.vendor.version" value="Corretto-17.0.7.7.1"/>
    <property name="localRepository" value="D:\m2\repository"/>
    <property name="java.vendor.url.bug" value="https://github.com/corretto/corretto-17/issues/"/>
    <property name="java.io.tmpdir" value="C:\Users\welli\AppData\Local\Temp\"/>
    <property name="idea.version" value="2023.1.1"/>
    <property name="java.version" value="17.0.7"/>
    <property name="user.dir" value="C:\Users\welli\IdeaProjects\e-vnts"/>
    <property name="os.arch" value="amd64"/>
    <property name="java.vm.specification.name" value="Java Virtual Machine Specification"/>
    <property name="PID" value="22148"/>
    <property name="sun.os.patch.level" value=""/>
    <property name="CONSOLE_LOG_CHARSET" value="windows-1252"/>
    <property name="native.encoding" value="Cp1252"/>
    <property name="java.library.path" value="C:\Users\welli\.jdks\corretto-17.0.7\bin;C:\Windows\Sun\Java\bin;C:\Windows\system32;C:\Windows;C:\Program Files\Common Files\Oracle\Java\javapath;C:\Windows\system32;C:\Windows;C:\Windows\System32\Wbem;C:\Windows\System32\WindowsPowerShell\v1.0\;C:\Windows\System32\OpenSSH\;C:\Program Files (x86)\dotnet\;C:\Program Files\nodejs\;C:\Program Files (x86)\NVIDIA Corporation\PhysX\Common;C:\Program Files\NVIDIA Corporation\NVIDIA NvDLISR;C:\Program Files\PowerShell\7\;C:\Program Files\Docker\Docker\resources\bin;C:\Program Files\Git\cmd;C:\Users\welli\AppData\Local\Microsoft\WindowsApps;C:\Users\welli\AppData\Local\JetBrains\Toolbox\scripts;C:\Users\welli\AppData\Roaming\npm;C:\Users\welli\AppData\Local\GitHubDesktop\bin;."/>
    <property name="java.vm.info" value="mixed mode, sharing"/>
    <property name="java.vendor" value="Amazon.com Inc."/>
    <property name="java.vm.version" value="17.0.7+7-LTS"/>
    <property name="sun.io.unicode.encoding" value="UnicodeLittle"/>
    <property name="maven.repo.local" value="D:\m2\repository"/>
    <property name="java.class.version" value="61.0"/>
  </properties>
  <testcase name="contextLoads" classname="com.evnts.EVntsApplicationTests" time="0.497">
    <system-out><![CDATA[20:05:28.437 [main] INFO org.springframework.test.context.support.AnnotationConfigContextLoaderUtils -- Could not detect default configuration classes for test class [com.evnts.EVntsApplicationTests]: EVntsApplicationTests does not declare any static, non-private, non-final, nested classes annotated with @Configuration.
20:05:28.505 [main] INFO org.springframework.boot.test.context.SpringBootTestContextBootstrapper -- Found @SpringBootConfiguration com.evnts.EvntsApplication for test class com.evnts.EVntsApplicationTests

  .   ____          _            __ _ _
 /\\ / ___'_ __ _ _(_)_ __  __ _ \ \ \ \
( ( )\___ | '_ | '_| | '_ \/ _` | \ \ \ \
 \\/  ___)| |_)| | | | | || (_| |  ) ) ) )
  '  |____| .__|_| |_|_| |_\__, | / / / /
 =========|_|==============|___/=/_/_/_/
 :: Spring Boot ::                (v3.1.0)

2023-06-04T20:05:28.814-03:00  INFO 22148 --- [           main] com.evnts.EVntsApplicationTests          : Starting EVntsApplicationTests using Java 17.0.7 with PID 22148 (started by welli in C:\Users\welli\IdeaProjects\e-vnts)
2023-06-04T20:05:28.815-03:00  INFO 22148 --- [           main] com.evnts.EVntsApplicationTests          : No active profile set, falling back to 1 default profile: "default"
2023-06-04T20:05:30.898-03:00  WARN 22148 --- [           main] .s.s.UserDetailsServiceAutoConfiguration : 

Using generated security password: edf3000f-1123-4300-87b0-7876b6a169cc

This generated password is for development use only. Your security configuration must be updated before running your application in production.

2023-06-04T20:05:31.130-03:00  INFO 22148 --- [           main] o.s.b.a.e.web.EndpointLinksResolver      : Exposing 1 endpoint(s) beneath base path '/actuator'
2023-06-04T20:05:31.148-03:00  INFO 22148 --- [           main] o.s.s.web.DefaultSecurityFilterChain     : Will secure any request with [org.springframework.security.web.session.DisableEncodeUrlFilter@45bd4753, org.springframework.security.web.context.request.async.WebAsyncManagerIntegrationFilter@156cfa20, org.springframework.security.web.context.SecurityContextHolderFilter@2712e8f4, org.springframework.security.web.header.HeaderWriterFilter@149d7cc6, org.springframework.web.filter.CorsFilter@25fd6d1e, org.springframework.security.web.csrf.CsrfFilter@62faf77, org.springframework.security.web.authentication.logout.LogoutFilter@6d8b7ea9, org.springframework.security.web.authentication.UsernamePasswordAuthenticationFilter@66715ca9, org.springframework.security.web.authentication.ui.DefaultLoginPageGeneratingFilter@1d2def55, org.springframework.security.web.authentication.ui.DefaultLogoutPageGeneratingFilter@23396fc0, org.springframework.security.web.authentication.www.BasicAuthenticationFilter@41a23470, org.springframework.security.web.savedrequest.RequestCacheAwareFilter@44b9c7c4, org.springframework.security.web.servletapi.SecurityContextHolderAwareRequestFilter@5238896f, org.springframework.security.web.authentication.AnonymousAuthenticationFilter@c11332b, org.springframework.security.web.access.ExceptionTranslationFilter@602298b, org.springframework.security.web.access.intercept.AuthorizationFilter@42cc5460]
2023-06-04T20:05:31.344-03:00  INFO 22148 --- [           main] com.evnts.EVntsApplicationTests          : Started EVntsApplicationTests in 2.713 seconds (process running for 3.417)
]]></system-out>
  </testcase>
</testsuite>